<?xml version="1.0" encoding="UTF-8"?><testsuite errors="0" failures="0" name="com.herokuapp.booker.restful.model.bookinginfo.BookingCURDTestWithSteps" skipped="0" tests="4" time="5.72" timestamp="2022-06-07T22:14:56.860+01:00[Europe/London]"><testcase classname="com.herokuapp.booker.restful.model.bookinginfo.BookingCURDTestWithSteps" name="This will create a new booking "/><testcase classname="com.herokuapp.booker.restful.model.bookinginfo.BookingCURDTestWithSteps" name="Verify that the booking added in to stack"/><testcase classname="com.herokuapp.booker.restful.model.bookinginfo.BookingCURDTestWithSteps" name="This will Updated created id"/><testcase classname="com.herokuapp.booker.restful.model.bookinginfo.BookingCURDTestWithSteps" name="This will Delate created id"/></testsuite>