<?xml version="1.0" encoding="UTF-8"?><testsuite errors="0" failures="1" name="Testing CURD operation using different request on the application." skipped="0" tests="4" time="8.86" timestamp="2022-06-19T22:37:17.068+01:00[Europe/London]"><testcase name="User can send get request."/><testcase name="User can create data using post request."/><testcase name="User can Update data using patch request."/><testcase name="User can Delate data using delete request."><failure message="1 expectation failed.&#10;Expected status code &lt;204&gt; but was &lt;201&gt;.&#10;" type="java.lang.AssertionError">1 expectation failed.
Expected status code &lt;204&gt; but was &lt;201&gt;.
</failure><system-err>1 expectation failed.
Expected status code &lt;204&gt; but was &lt;201&gt;.
&#13;
io.restassured.internal.ResponseSpecificationImpl.validateResponseIfRequired(ResponseSpecificationImpl.groovy:636)&#13;
io.restassured.internal.ResponseSpecificationImpl.statusCode(ResponseSpecificationImpl.groovy:122)&#13;
io.restassured.internal.ResponseSpecificationImpl.statusCode(ResponseSpecificationImpl.groovy:130)&#13;
io.restassured.internal.ValidatableResponseOptionsImpl.statusCode(ValidatableResponseOptionsImpl.java:117)&#13;
com.herokuapp.booker.restful.model.cucumber.steps.MyStepdefs.userGetBackAValidStatusCode(MyStepdefs.java:36)&#13;
✽.Then User get back a valid status code 204(Booking.feature:18)&#13;
</system-err></testcase></testsuite>